lib_tools/signwayDemo_5190/build/intermediates/manifest_merge_blame_file/debug/manifest-merger-blame-debug-report.txt
1<?xml version="1.0" encoding="utf-8"?>
2<manifest xmlns:android="http://schemas.android.com/apk/res/android"
3    package="com.signway.test"
4    android:sharedUserId="android.uid.system"
5    android:versionCode="1"
6    android:versionName="1.0" >
7
8    <uses-sdk
9        android:minSdkVersion="17"
9-->src/main/AndroidManifest.xml
10        android:targetSdkVersion="22" />
10-->src/main/AndroidManifest.xml
11    <!-- android:sharedUserId="android.uid.system" -->
12    <!-- <uses-sdk -->
13    <!-- android:minSdkVersion="17" -->
14    <!-- android:targetSdkVersion="22" /> -->
15    <uses-permission android:name="android.permission.WAKE_LOCK" />
15-->src/main/AndroidManifest.xml:11:2-65
15-->src/main/AndroidManifest.xml:11:19-62
16    <uses-permission android:name="android.permission.DEVICE_POWER" />
16-->src/main/AndroidManifest.xml:12:5-71
16-->src/main/AndroidManifest.xml:12:22-68
17    <uses-permission android:name="android.permission.REBOOT" />
17-->src/main/AndroidManifest.xml:13:5-65
17-->src/main/AndroidManifest.xml:13:22-62
18    <uses-permission android:name="android.permission.ACCESS_NETWORK_STATE" />
18-->src/main/AndroidManifest.xml:14:5-79
18-->src/main/AndroidManifest.xml:14:22-76
19    <!-- 修改网络状态 -->
20    <uses-permission android:name="android.permission.CHANGE_NETWORK_STATE" />
20-->src/main/AndroidManifest.xml:16:5-79
20-->src/main/AndroidManifest.xml:16:22-76
21    <!-- <uses-permission android:name="android.permission.CONNECTIVITY_INTERNAL"/> -->
22    <uses-permission android:name="android.permission.SYSTEM_ALERT_WINDOW" />
22-->src/main/AndroidManifest.xml:18:5-78
22-->src/main/AndroidManifest.xml:18:22-75
23    <!-- 屏幕模式切换 -->
24    <uses-permission android:name="android.permission.CHANGE_CONFIGURATION" />
24-->src/main/AndroidManifest.xml:20:5-79
24-->src/main/AndroidManifest.xml:20:22-76
25    <!-- 设置时区 -->
26    <uses-permission android:name="android.permission.SET_TIME_ZONE" />
26-->src/main/AndroidManifest.xml:22:5-72
26-->src/main/AndroidManifest.xml:22:22-69
27    <uses-permission android:name="android.permission.RECEIVE_BOOT_COMPLETED" />
27-->src/main/AndroidManifest.xml:23:5-81
27-->src/main/AndroidManifest.xml:23:22-78
28    <!-- 更改程序语言 -->
29    <uses-permission android:name="android.permission.CHANGE_CONFIGURATION" />
29-->src/main/AndroidManifest.xml:20:5-79
29-->src/main/AndroidManifest.xml:20:22-76
30    <!-- <uses-permission android:name="com.android.voicemail.permission.ADD_VOICEMAIL"/> -->
31    <!-- 设置时区 -->
32    <uses-permission android:name="android.permission.SET_TIME" />
32-->src/main/AndroidManifest.xml:28:5-67
32-->src/main/AndroidManifest.xml:28:22-64
33    <uses-permission android:name="android.permission.WRITE_SETTINGS" />
33-->src/main/AndroidManifest.xml:29:5-73
33-->src/main/AndroidManifest.xml:29:22-70
34    <uses-permission android:name="android.permission.WRITE_SECURE_SETTINGS" />
34-->src/main/AndroidManifest.xml:30:5-80
34-->src/main/AndroidManifest.xml:30:22-77
35    <uses-permission android:name="android.permission.WRITE_SYNC_SETTINGS" />
35-->src/main/AndroidManifest.xml:31:5-78
35-->src/main/AndroidManifest.xml:31:22-75
36    <uses-permission android:name="android.permission.INSTALL_PACKAGES" />
36-->src/main/AndroidManifest.xml:32:5-75
36-->src/main/AndroidManifest.xml:32:22-72
37    <uses-permission android:name="android.permission.RECOVERY" />
37-->src/main/AndroidManifest.xml:33:5-67
37-->src/main/AndroidManifest.xml:33:22-64
38
39    <application
39-->src/main/AndroidManifest.xml:34:5-49:19
40        android:allowBackup="true"
40-->src/main/AndroidManifest.xml:35:9-35
41        android:appComponentFactory="androidx.core.app.CoreComponentFactory"
41-->[androidx.core:core:1.0.0] AndroidManifest.xml:22:18-86
42        android:debuggable="true"
43        android:icon="@drawable/ic_launcher"
43-->src/main/AndroidManifest.xml:36:9-45
44        android:label="@string/app_name"
44-->src/main/AndroidManifest.xml:37:9-41
45        android:theme="@style/AppTheme" >
45-->src/main/AndroidManifest.xml:38:9-40
46        <activity
46-->src/main/AndroidManifest.xml:39:9-48:20
47            android:name="com.signway.test.MainActivity"
47-->src/main/AndroidManifest.xml:40:13-41
48            android:label="@string/app_name" >
48-->src/main/AndroidManifest.xml:41:13-45
49            <intent-filter>
49-->src/main/AndroidManifest.xml:42:13-47:29
50                <action
50-->src/main/AndroidManifest.xml:43:17-44:56
51                    android:name="android.intent.action.MAIN"
51-->src/main/AndroidManifest.xml:43:25-66
52                    android:screenOrientation="portrait" />
52-->src/main/AndroidManifest.xml:44:17-53
53
54                <category android:name="android.intent.category.LAUNCHER" />
54-->src/main/AndroidManifest.xml:46:17-77
54-->src/main/AndroidManifest.xml:46:27-74
55            </intent-filter>
56        </activity>
57    </application>
58
59</manifest>